<?xml version="1.0" encoding="UTF-8"?>
<testng-results skipped="0" failed="0" total="1" passed="1">
  <reporter-output>
  </reporter-output>
  <suite name="Default suite" duration-ms="27711" started-at="2019-08-06T15:36:54Z" finished-at="2019-08-06T15:37:22Z">
    <groups>
    </groups>
    <test name="Default test" duration-ms="27711" started-at="2019-08-06T15:36:54Z" finished-at="2019-08-06T15:37:22Z">
      <class name="testngprogs.Sample">
        <test-method status="PASS" signature="beforeMetod(java.lang.reflect.Method)[pri:0, instance:testngprogs.Sample@6ea6d14e]" name="beforeMetod" is-config="true" duration-ms="16" started-at="2019-08-06T21:06:54Z" finished-at="2019-08-06T21:06:54Z">
          <params>
            <param index="0">
              <value>
                <![CDATA[public void testngprogs.Sample.login()]]>
              </value>
            </param>
          </params>
          <reporter-output>
          </reporter-output>
        </test-method> <!-- beforeMetod -->
        <test-method status="PASS" signature="login()[pri:0, instance:testngprogs.Sample@6ea6d14e]" name="login" duration-ms="26597" started-at="2019-08-06T21:06:54Z" finished-at="2019-08-06T21:07:21Z">
          <reporter-output>
          </reporter-output>
        </test-method> <!-- login -->
        <test-method status="PASS" signature="afterMethod(org.testng.ITestResult)[pri:0, instance:testngprogs.Sample@6ea6d14e]" name="afterMethod" is-config="true" duration-ms="1058" started-at="2019-08-06T21:07:21Z" finished-at="2019-08-06T21:07:22Z">
          <params>
            <param index="0">
              <value>
                <![CDATA[[TestResult name=login status=SUCCESS method=Sample.login()[pri:0, instance:testngprogs.Sample@6ea6d14e] output={null}]]]>
              </value>
            </param>
          </params>
          <reporter-output>
          </reporter-output>
        </test-method> <!-- afterMethod -->
      </class> <!-- testngprogs.Sample -->
    </test> <!-- Default test -->
  </suite> <!-- Default suite -->
</testng-results>
